<?xml version="1.0" encoding="UTF-8"?>
<!-- Generated by org.testng.reporters.JUnitReportReporter -->
<testsuite hostname="GFG19667-LAPTOP" failures="0" tests="1" name="alerts_tabs_windows.AlertsTest" time="8.648" errors="0" timestamp="2025-01-07T11:36:51 IST" skipped="0">
  <testcase classname="alerts_tabs_windows.AlertsTest" name="testModal" time="8.648"/>
</testsuite> <!-- alerts_tabs_windows.AlertsTest -->
