<?xml version="1.0" encoding="UTF-8"?>
<!-- Generated by org.testng.reporters.JUnitReportReporter -->
<testsuite hostname="GFG19667-LAPTOP" failures="0" tests="1" name="browser_specific.headless.HeadlessEdgeTest" time="1.428" errors="0" timestamp="2025-01-22T14:48:38 IST" skipped="0">
  <testcase classname="browser_specific.headless.HeadlessEdgeTest" name="testHeadlessEdge" time="1.428"/>
</testsuite> <!-- browser_specific.headless.HeadlessEdgeTest -->
