<?xml version="1.0" encoding="UTF-8"?>
<!-- Generated by org.testng.reporters.JUnitReportReporter -->
<testsuite hostname="GFG19667-LAPTOP" failures="0" tests="6" name="javascriptexecutor.JavaScriptExecutorTest" time="18.292" errors="0" timestamp="2025-01-14T10:13:52 IST" skipped="0">
  <testcase classname="javascriptexecutor.JavaScriptExecutorTest" name="testScrollBy" time="1.869"/>
  <testcase classname="javascriptexecutor.JavaScriptExecutorTest" name="testAsyncScript" time="4.558"/>
  <testcase classname="javascriptexecutor.JavaScriptExecutorTest" name="testColorPicker" time="5.839"/>
  <testcase classname="javascriptexecutor.JavaScriptExecutorTest" name="testEnablingHiddenElement" time="1.412"/>
  <testcase classname="javascriptexecutor.JavaScriptExecutorTest" name="testInfiniteScroll" time="3.078"/>
  <testcase classname="javascriptexecutor.JavaScriptExecutorTest" name="testScrollIntoView" time="1.536"/>
</testsuite> <!-- javascriptexecutor.JavaScriptExecutorTest -->
