<?xml version="1.0" encoding="UTF-8"?>
<!-- Generated by org.testng.reporters.JUnitReportReporter -->
<testsuite hostname="GFG19667-LAPTOP" failures="0" tests="4" name="crud.CRUDOperationsTest" time="7.387" errors="0" timestamp="2025-01-24T12:01:23 IST" skipped="0">
  <testcase classname="crud.CRUDOperationsTest" name="testUpdate" time="0.849"/>
  <testcase classname="crud.CRUDOperationsTest" name="testRead" time="0.585"/>
  <testcase classname="crud.CRUDOperationsTest" name="testCreate" time="5.033"/>
  <testcase classname="crud.CRUDOperationsTest" name="testDelete" time="0.920"/>
</testsuite> <!-- crud.CRUDOperationsTest -->
