<?xml version="1.0" encoding="UTF-8"?>
<!-- Generated by org.testng.reporters.JUnitReportReporter -->
<testsuite hostname="GFG19667-LAPTOP" failures="0" tests="3" name="screenshots.ScreenshotsTest" time="14.321" errors="0" timestamp="2025-01-15T10:08:33 IST" skipped="0">
  <testcase classname="screenshots.ScreenshotsTest" name="testWebElementScreenshot" time="8.126"/>
  <testcase classname="screenshots.ScreenshotsTest" name="testScreenshotBase64" time="3.819"/>
  <testcase classname="screenshots.ScreenshotsTest" name="testScreenshotPNG" time="2.376"/>
</testsuite> <!-- screenshots.ScreenshotsTest -->
