<?xml version="1.0" encoding="UTF-8"?>
<!-- Generated by org.testng.reporters.JUnitReportReporter -->
<testsuite hostname="GFG19667-LAPTOP" failures="0" tests="1" name="browser_specific.headless.HeadlessChromeTest" time="1.506" errors="0" timestamp="2025-01-22T14:39:43 IST" skipped="0">
  <testcase classname="browser_specific.headless.HeadlessChromeTest" name="testHeadless" time="1.506"/>
</testsuite> <!-- browser_specific.headless.HeadlessChromeTest -->
