<?xml version="1.0" encoding="UTF-8"?>
<!-- Generated by org.testng.reporters.JUnitReportReporter -->
<testsuite hostname="GFG19667-LAPTOP" failures="0" tests="1" name="page_objects.LoginPageTests" time="0.265" errors="0" timestamp="2025-01-13T16:15:25 IST" skipped="0">
  <testcase classname="page_objects.LoginPageTests" name="testInvalidLoginWithPageFactoryApproach" time="0.265"/>
</testsuite> <!-- page_objects.LoginPageTests -->
