<?xml version="1.0" encoding="UTF-8"?>
<!-- Generated by org.testng.reporters.JUnitReportReporter -->
<testsuite hostname="GFG19667-LAPTOP" failures="0" tests="2" name="shadow_dom.ShadowDOMTests" time="9.980" errors="0" timestamp="2025-01-13T11:40:09 IST" skipped="0">
  <testcase classname="shadow_dom.ShadowDOMTests" name="testShadowDOMWithJSE" time="1.968"/>
  <testcase classname="shadow_dom.ShadowDOMTests" name="testShadowDOM" time="8.012"/>
</testsuite> <!-- shadow_dom.ShadowDOMTests -->
