<?xml version="1.0" encoding="UTF-8"?>
<!-- Generated by org.testng.reporters.JUnitReportReporter -->
<testsuite hostname="GFG19667-LAPTOP" failures="0" tests="1" name="interactions.InteractionsTest" time="11.378" errors="0" timestamp="2025-01-10T12:55:39 IST" skipped="0">
  <testcase classname="interactions.InteractionsTest" name="testClickLink" time="11.378"/>
</testsuite> <!-- interactions.InteractionsTest -->
