<?xml version="1.0" encoding="UTF-8"?>
<!-- Generated by org.testng.reporters.JUnitReportReporter -->
<testsuite hostname="GFG19667-LAPTOP" failures="0" tests="1" name="iframes.IframesTest" time="18.186" errors="0" timestamp="2025-01-11T14:48:33 IST" skipped="0">
  <testcase classname="iframes.IframesTest" name="testIFrames" time="18.186"/>
</testsuite> <!-- iframes.IframesTest -->
