<?xml version="1.0" encoding="UTF-8"?>
<!-- Generated by org.testng.reporters.JUnitReportReporter -->
<testsuite hostname="GFG19667-LAPTOP" failures="0" tests="6" name="locators.LocatorsTest" time="23.368" errors="0" timestamp="2025-01-09T11:08:41 IST" skipped="0">
  <testcase classname="locators.LocatorsTest" name="testByXPath" time="2.219"/>
  <testcase classname="locators.LocatorsTest" name="testByCssSelector" time="1.909"/>
  <testcase classname="locators.LocatorsTest" name="testByClassName" time="12.689"/>
  <testcase classname="locators.LocatorsTest" name="testByHtmlAttributes" time="1.932"/>
  <testcase classname="locators.LocatorsTest" name="testByLinkText" time="2.818"/>
  <testcase classname="locators.LocatorsTest" name="testByTagName" time="1.801"/>
</testsuite> <!-- locators.LocatorsTest -->
