<?xml version="1.0" encoding="UTF-8"?>
<!-- Generated by org.testng.reporters.JUnitReportReporter -->
<testsuite hostname="GFG19667-LAPTOP" failures="0" tests="7" name="exceptions.ExceptionsTest1" time="51.880" errors="0" timestamp="2025-01-14T12:25:08 IST" skipped="0">
  <testcase classname="exceptions.ExceptionsTest1" name="testNoSuchElementException" time="13.491"/>
  <testcase classname="exceptions.ExceptionsTest1" name="testInvalidSelectorException" time="3.538"/>
  <testcase classname="exceptions.ExceptionsTest1" name="testNoAlertPresentException" time="3.787"/>
  <testcase classname="exceptions.ExceptionsTest1" name="testElementNotInteractableException" time="13.576"/>
  <testcase classname="exceptions.ExceptionsTest1" name="testNoSuchSessionException" time="7.092"/>
  <testcase classname="exceptions.ExceptionsTest1" name="testStaleElementReferenceException" time="5.215"/>
  <testcase classname="exceptions.ExceptionsTest1" name="testNoSuchElementException2" time="5.181"/>
</testsuite> <!-- exceptions.ExceptionsTest1 -->
