<?xml version="1.0" encoding="UTF-8"?>
<!-- Generated by org.testng.reporters.JUnitReportReporter -->
<testsuite hostname="GFG19667-LAPTOP" failures="0" tests="1" name="BasicApiTest" time="3.479" errors="0" timestamp="2025-01-24T11:50:03 IST" skipped="0">
  <testcase classname="BasicApiTest" name="testGetRequest" time="3.479"/>
</testsuite> <!-- BasicApiTest -->
