<?xml version="1.0" encoding="UTF-8"?>
<!-- Generated by org.testng.reporters.JUnitReportReporter -->
<testsuite hostname="GFG19667-LAPTOP" failures="0" tests="2" name="shadow_dom.ShadowDOMTests" time="9.379" errors="0" timestamp="2025-01-11T16:43:33 IST" skipped="0">
  <testcase classname="shadow_dom.ShadowDOMTests" name="testShadowDOM" time="7.310"/>
  <testcase classname="shadow_dom.ShadowDOMTests" name="testShadowDOMWithJSE" time="2.069"/>
</testsuite> <!-- shadow_dom.ShadowDOMTests -->
