<?xml version="1.0" encoding="UTF-8"?>
<!-- Generated by org.testng.reporters.JUnitReportReporter -->
<testsuite hostname="GFG19667-LAPTOP" failures="0" tests="1" name="browser_specific.insecure.InsecureChromeTest" time="1.174" errors="0" timestamp="2025-01-16T12:25:49 IST" skipped="0">
  <testcase classname="browser_specific.insecure.InsecureChromeTest" name="testInsecure" time="1.174"/>
</testsuite> <!-- browser_specific.insecure.InsecureChromeTest -->
