<?xml version="1.0" encoding="UTF-8"?>
<!-- Generated by org.testng.reporters.JUnitReportReporter -->
<testsuite hostname="GFG19667-LAPTOP" failures="0" tests="1" name="locators.RelativeLocatorsTest" time="7.345" errors="0" timestamp="2025-01-11T11:20:27 IST" skipped="0">
  <testcase classname="locators.RelativeLocatorsTest" name="testRelativeLocatorChaining" time="7.345"/>
</testsuite> <!-- locators.RelativeLocatorsTest -->
