<?xml version="1.0" encoding="UTF-8"?>
<!-- Generated by org.testng.reporters.JUnitReportReporter -->
<testsuite hostname="GFG19667-LAPTOP" failures="0" tests="1" name="cssLocators.CSSSelectorsDemo" time="5.953" errors="0" timestamp="2025-01-09T12:07:15 IST" skipped="0">
  <testcase classname="cssLocators.CSSSelectorsDemo" name="testCSSSelectors" time="5.953"/>
</testsuite> <!-- cssLocators.CSSSelectorsDemo -->
