<?xml version="1.0" encoding="UTF-8"?>
<!-- Generated by org.testng.reporters.JUnitReportReporter -->
<testsuite hostname="GFG19667-LAPTOP" failures="0" tests="3" name="actions.ActionsTest" time="9.706" errors="0" timestamp="2025-01-03T12:57:45 IST" skipped="0">
  <testcase classname="actions.ActionsTest" name="testContextAndDoubleClick" time="4.967"/>
  <testcase classname="actions.ActionsTest" name="testMouseHover" time="3.959"/>
  <testcase classname="actions.ActionsTest" name="testMouseHover1" time="0.780"/>
</testsuite> <!-- actions.ActionsTest -->
