<?xml version="1.0" encoding="UTF-8"?>
<!-- Generated by org.testng.reporters.JUnitReportReporter -->
<testsuite hostname="GFG19667-LAPTOP" failures="0" tests="3" name="screenshots.ScreenshotsTest" time="9.313" errors="0" timestamp="2025-01-15T11:25:21 IST" skipped="0">
  <testcase classname="screenshots.ScreenshotsTest" name="testScreenshotBase64" time="2.467"/>
  <testcase classname="screenshots.ScreenshotsTest" name="testScreenshotPNG" time="4.459"/>
  <testcase classname="screenshots.ScreenshotsTest" name="testWebElementScreenshot" time="2.387"/>
</testsuite> <!-- screenshots.ScreenshotsTest -->
