<?xml version="1.0" encoding="UTF-8"?>
<!-- Generated by org.testng.reporters.JUnitReportReporter -->
<testsuite hostname="GFG19667-LAPTOP" failures="0" tests="6" name="locators.LocatorsTest" time="15.730" errors="0" timestamp="2025-01-07T16:22:37 IST" skipped="0">
  <testcase classname="locators.LocatorsTest" name="testByXPath" time="1.963"/>
  <testcase classname="locators.LocatorsTest" name="testByTagName" time="2.173"/>
  <testcase classname="locators.LocatorsTest" name="testByHtmlAttributes" time="5.093"/>
  <testcase classname="locators.LocatorsTest" name="testByCssSelector" time="1.746"/>
  <testcase classname="locators.LocatorsTest" name="testByLinkText" time="2.003"/>
  <testcase classname="locators.LocatorsTest" name="testByClassName" time="2.752"/>
</testsuite> <!-- locators.LocatorsTest -->
