<?xml version="1.0" encoding="UTF-8"?>
<!-- Generated by org.testng.reporters.JUnitReportReporter -->
<testsuite hostname="GFG19667-LAPTOP" failures="0" tests="1" name="webtables.WebTableTests" time="3.352" errors="0" timestamp="2025-01-06T15:25:57 IST" skipped="0">
  <testcase classname="webtables.WebTableTests" name="verifyTable" time="3.352"/>
</testsuite> <!-- webtables.WebTableTests -->
