<?xml version="1.0" encoding="UTF-8"?>
<!-- Generated by org.testng.reporters.JUnitReportReporter -->
<testsuite hostname="GFG19667-LAPTOP" failures="0" tests="4" name="crud.AllMethodTests" time="14.391" errors="0" timestamp="2025-01-25T14:44:50 IST" skipped="0">
  <testcase classname="crud.AllMethodTests" name="testPOST" time="10.812"/>
  <testcase classname="crud.AllMethodTests" name="testPUT" time="1.318"/>
  <testcase classname="crud.AllMethodTests" name="testDELETE" time="1.108"/>
  <testcase classname="crud.AllMethodTests" name="testGETAfterDelete" time="1.153"/>
</testsuite> <!-- crud.AllMethodTests -->
