<?xml version="1.0" encoding="UTF-8"?>
<!-- Generated by org.testng.reporters.JUnitReportReporter -->
<testsuite hostname="GFG19667-LAPTOP" failures="0" tests="3" name="actions.ActionsTest" time="9.499" errors="0" timestamp="2024-12-31T18:04:56 IST" skipped="0">
  <testcase classname="actions.ActionsTest" name="testMouseHover1" time="0.947"/>
  <testcase classname="actions.ActionsTest" name="testMouseHover" time="3.616"/>
  <testcase classname="actions.ActionsTest" name="testContextAndDoubleClick" time="4.936"/>
</testsuite> <!-- actions.ActionsTest -->
