<?xml version="1.0" encoding="UTF-8"?>
<!-- Generated by org.testng.reporters.JUnitReportReporter -->
<testsuite hostname="GFG19667-LAPTOP" failures="0" tests="3" name="specification.SpecificationTests2" time="7.469" errors="0" timestamp="2025-01-25T12:27:02 IST" skipped="0">
  <testcase classname="specification.SpecificationTests2" name="verifyPlacesDetails" time="1.030"/>
  <testcase classname="specification.SpecificationTests2" name="verifyCountryDetails" time="5.890"/>
  <testcase classname="specification.SpecificationTests2" name="verifyStatusCode" time="0.549"/>
</testsuite> <!-- specification.SpecificationTests2 -->
