<?xml version="1.0" encoding="UTF-8"?>
<!-- Generated by org.testng.reporters.JUnitReportReporter -->
<testsuite hostname="GFG19667-LAPTOP" failures="0" tests="1" name="actions.ActionsTest" time="3.271" errors="0" timestamp="2025-01-03T16:13:23 IST" skipped="0">
  <testcase classname="actions.ActionsTest" name="testCopyAndPaste" time="3.271"/>
</testsuite> <!-- actions.ActionsTest -->
