<?xml version="1.0" encoding="UTF-8"?>
<!-- Generated by org.testng.reporters.JUnitReportReporter -->
<testsuite hostname="GFG19667-LAPTOP" failures="0" tests="4" name="datadriven.DataDrivenTests" time="7.315" errors="0" timestamp="2025-01-25T12:45:15 IST" skipped="0">
  <testcase classname="datadriven.DataDrivenTests" name="verifyStates" time="0.536"/>
  <testcase classname="datadriven.DataDrivenTests" name="verifyStates" time="5.211"/>
  <testcase classname="datadriven.DataDrivenTests" name="verifyStates" time="0.672"/>
  <testcase classname="datadriven.DataDrivenTests" name="verifyStates" time="0.896"/>
</testsuite> <!-- datadriven.DataDrivenTests -->
