<?xml version="1.0" encoding="UTF-8"?>
<!-- Generated by org.testng.reporters.JUnitReportReporter -->
<testsuite hostname="GFG19667-LAPTOP" failures="0" tests="1" name="browser_specific.headless.HeadlessChromeTest" time="2.532" errors="0" timestamp="2025-01-16T11:20:12 IST" skipped="0">
  <testcase classname="browser_specific.headless.HeadlessChromeTest" name="testHeadless" time="2.532"/>
</testsuite> <!-- browser_specific.headless.HeadlessChromeTest -->
