<?xml version="1.0" encoding="UTF-8"?>
<!-- Generated by org.testng.reporters.JUnitReportReporter -->
<testsuite hostname="GFG19667-LAPTOP" failures="0" tests="3" name="io.learn.windows.WindowHandlingTest" time="14.285" errors="0" timestamp="2025-01-07T12:15:08 IST" skipped="0">
  <testcase classname="io.learn.windows.WindowHandlingTest" name="testContentInNewTab" time="4.778"/>
  <testcase classname="io.learn.windows.WindowHandlingTest" name="testNewTab" time="3.682"/>
  <testcase classname="io.learn.windows.WindowHandlingTest" name="testNewWindow" time="5.825"/>
</testsuite> <!-- io.learn.windows.WindowHandlingTest -->
