<?xml version="1.0" encoding="UTF-8"?>
<!-- Generated by org.testng.reporters.JUnitReportReporter -->
<testsuite hostname="GFG19667-LAPTOP" failures="0" tests="1" name="screenshots.ScreenshotTest2" time="2.182" errors="0" timestamp="2025-01-14T16:02:36 IST" skipped="0">
  <testcase classname="screenshots.ScreenshotTest2" name="testFullPageScreenshotFirefox" time="2.182"/>
</testsuite> <!-- screenshots.ScreenshotTest2 -->
