<?xml version="1.0" encoding="UTF-8"?>
<!-- Generated by org.testng.reporters.JUnitReportReporter -->
<testsuite hostname="GFG19667-LAPTOP" failures="0" tests="1" name="screenshots.ScreenshotTest2" time="1.637" errors="0" timestamp="2025-01-15T10:09:15 IST" skipped="0">
  <testcase classname="screenshots.ScreenshotTest2" name="testFullPageScreenshotFirefox" time="1.637"/>
</testsuite> <!-- screenshots.ScreenshotTest2 -->
