<?xml version="1.0" encoding="UTF-8"?>
<!-- Generated by org.testng.reporters.JUnitReportReporter -->
<testsuite hostname="GFG19667-LAPTOP" failures="0" tests="1" name="browser_specific.headless.HeadlessFirefoxTest" time="1.228" errors="0" timestamp="2025-01-22T14:45:35 IST" skipped="0">
  <testcase classname="browser_specific.headless.HeadlessFirefoxTest" name="testHeadlessFirefox" time="1.228"/>
</testsuite> <!-- browser_specific.headless.HeadlessFirefoxTest -->
