<?xml version="1.0" encoding="UTF-8"?>
<!-- Generated by org.testng.reporters.JUnitReportReporter -->
<testsuite hostname="GFG19667-LAPTOP" failures="0" tests="1" name="APITest" time="4.754" errors="0" timestamp="2025-01-24T11:49:48 IST" skipped="0">
  <testcase classname="APITest" name="testGetUser" time="4.754"/>
</testsuite> <!-- APITest -->
