<?xml version="1.0" encoding="UTF-8"?>
<!-- Generated by org.testng.reporters.JUnitReportReporter -->
<testsuite hostname="GFG19667-LAPTOP" failures="0" tests="4" name="datadriven.DataDrivenTests" time="5.841" errors="0" timestamp="2025-01-25T12:38:40 IST" skipped="0">
  <testcase classname="datadriven.DataDrivenTests" name="verifyState2" time="0.572"/>
  <testcase classname="datadriven.DataDrivenTests" name="verifyState3" time="0.614"/>
  <testcase classname="datadriven.DataDrivenTests" name="verifyState4" time="0.630"/>
  <testcase classname="datadriven.DataDrivenTests" name="verifyState1" time="4.025"/>
</testsuite> <!-- datadriven.DataDrivenTests -->
