<?xml version="1.0" encoding="UTF-8"?>
<!-- Generated by org.testng.reporters.JUnitReportReporter -->
<testsuite hostname="GFG19667-LAPTOP" failures="0" tests="3" name="screenshots.ScreenshotsTest" time="9.707" errors="0" timestamp="2025-01-14T16:04:02 IST" skipped="0">
  <testcase classname="screenshots.ScreenshotsTest" name="testWebElementScreenshot" time="4.386"/>
  <testcase classname="screenshots.ScreenshotsTest" name="testScreenshotBase64" time="3.258"/>
  <testcase classname="screenshots.ScreenshotsTest" name="testScreenshotPNG" time="2.063"/>
</testsuite> <!-- screenshots.ScreenshotsTest -->
