<?xml version="1.0" encoding="UTF-8"?>
<!-- Generated by org.testng.reporters.JUnitReportReporter -->
<testsuite hostname="GFG19667-LAPTOP" failures="0" tests="5" name="specification.SpecificationTests" time="9.107" errors="0" timestamp="2025-01-25T11:50:32 IST" skipped="0">
  <testcase classname="specification.SpecificationTests" name="verifyCountryDetails" time="5.630"/>
  <testcase classname="specification.SpecificationTests" name="verifyResponseType" time="0.640"/>
  <testcase classname="specification.SpecificationTests" name="verifyNegativeTest" time="0.843"/>
  <testcase classname="specification.SpecificationTests" name="verifyPlaceDetails" time="0.843"/>
  <testcase classname="specification.SpecificationTests" name="verifyStatusCode" time="1.151"/>
</testsuite> <!-- specification.SpecificationTests -->
