<?xml version="1.0" encoding="UTF-8"?>
<!-- Generated by org.testng.reporters.JUnitReportReporter -->
<testsuite hostname="GFG19667-LAPTOP" failures="0" tests="3" name="cross_browser.CrossBrowserTests" time="15.437" errors="0" timestamp="2025-01-16T15:25:01 IST" skipped="0">
  <testcase classname="cross_browser.CrossBrowserTests" name="testTitle" time="3.831"/>
  <testcase classname="cross_browser.CrossBrowserTests" name="testTitle" time="5.678"/>
  <testcase classname="cross_browser.CrossBrowserTests" name="testTitle" time="5.928"/>
</testsuite> <!-- cross_browser.CrossBrowserTests -->
