<?xml version="1.0" encoding="UTF-8"?>
<!-- Generated by org.testng.reporters.JUnitReportReporter -->
<testsuite hostname="GFG19667-LAPTOP" failures="0" tests="1" name="io.learn.basic.BasicTests" time="5.602" errors="0" timestamp="2025-01-24T18:01:34 IST" skipped="0">
  <testcase classname="io.learn.basic.BasicTests" name="verifyPlaceDetails" time="5.602"/>
</testsuite> <!-- io.learn.basic.BasicTests -->
