<?xml version="1.0" encoding="UTF-8"?>
<!-- Generated by org.testng.reporters.JUnitReportReporter -->
<testsuite hostname="GFG19667-LAPTOP" failures="0" tests="3" name="windows.WindowHandlingTest" time="14.975" errors="0" timestamp="2025-01-07T12:31:10 IST" skipped="0">
  <testcase classname="windows.WindowHandlingTest" name="testNewTab" time="4.135"/>
  <testcase classname="windows.WindowHandlingTest" name="testContentInNewTab" time="5.577"/>
  <testcase classname="windows.WindowHandlingTest" name="testNewWindow" time="5.263"/>
</testsuite> <!-- windows.WindowHandlingTest -->
