<?xml version="1.0" encoding="UTF-8"?>
<!-- Generated by org.testng.reporters.JUnitReportReporter -->
<testsuite hostname="GFG19667-LAPTOP" failures="0" tests="6" name="locators.RelativeLocatorsTest" time="20.471" errors="0" timestamp="2025-01-10T16:32:20 IST" skipped="0">
  <testcase classname="locators.RelativeLocatorsTest" name="testRelativeLocatorBelow" time="2.352"/>
  <testcase classname="locators.RelativeLocatorsTest" name="testRelativeLocatorRight" time="3.064"/>
  <testcase classname="locators.RelativeLocatorsTest" name="testRelativeLocatorChaining" time="3.051"/>
  <testcase classname="locators.RelativeLocatorsTest" name="testRelativeLocatorLeft" time="3.514"/>
  <testcase classname="locators.RelativeLocatorsTest" name="testRelativeLocatorAbove" time="6.498"/>
  <testcase classname="locators.RelativeLocatorsTest" name="testRelativeLocatorNearBy" time="1.992"/>
</testsuite> <!-- locators.RelativeLocatorsTest -->
