<?xml version="1.0" encoding="UTF-8"?>
<!-- Generated by org.testng.reporters.JUnitReportReporter -->
<testsuite hostname="GFG19667-LAPTOP" failures="0" tests="1" name="webtables.testDatePicker" time="3.733" errors="0" timestamp="2025-01-06T15:11:09 IST" skipped="0">
  <testcase classname="webtables.testDatePicker" name="testDatePicker" time="3.733"/>
</testsuite> <!-- webtables.testDatePicker -->
