<?xml version="1.0" encoding="UTF-8"?>
<!-- Generated by org.testng.reporters.JUnitReportReporter -->
<testsuite hostname="GFG19667-LAPTOP" failures="0" tests="1" name="browser_specific.incognito.IncognitoChromeTest" time="93.168" errors="0" timestamp="2025-01-16T11:57:48 IST" skipped="0">
  <testcase classname="browser_specific.incognito.IncognitoChromeTest" name="testIncognito" time="93.168"/>
</testsuite> <!-- browser_specific.incognito.IncognitoChromeTest -->
