<?xml version="1.0" encoding="UTF-8"?>
<!-- Generated by org.testng.reporters.JUnitReportReporter -->
<testsuite hostname="GFG19667-LAPTOP" failures="0" tests="7" name="waits.WaitingMechanismTests" time="59.831" errors="0" timestamp="2025-01-13T16:56:45 IST" skipped="0">
  <testcase classname="waits.WaitingMechanismTests" name="testImages" time="7.875"/>
  <testcase classname="waits.WaitingMechanismTests" name="testImplicitWait" time="7.591"/>
  <testcase classname="waits.WaitingMechanismTests" name="testExplicitWait" time="9.709"/>
  <testcase classname="waits.WaitingMechanismTests" name="testFluentWait" time="13.036"/>
  <testcase classname="waits.WaitingMechanismTests" name="testExplicitWait2" time="7.797"/>
  <testcase classname="waits.WaitingMechanismTests" name="testImages2" time="1.919"/>
  <testcase classname="waits.WaitingMechanismTests" name="testHardWait" time="11.904"/>
</testsuite> <!-- waits.WaitingMechanismTests -->
