<?xml version="1.0" encoding="UTF-8"?>
<!-- Generated by org.testng.reporters.JUnitReportReporter -->
<testsuite hostname="GFG19667-LAPTOP" failures="0" tests="2" name="logs.LogsTest" time="4.590" errors="0" timestamp="2025-01-25T12:55:19 IST" skipped="0">
  <testcase classname="logs.LogsTest" name="verifyStatusCodeWithSpecificLogs" time="0.633"/>
  <testcase classname="logs.LogsTest" name="verifyStatusCodeWithLogs" time="3.957"/>
</testsuite> <!-- logs.LogsTest -->
