<?xml version="1.0" encoding="UTF-8"?>
<!-- Generated by org.testng.reporters.JUnitReportReporter -->
<testsuite hostname="GFG19667-LAPTOP" failures="0" tests="2" name="actions.ActionsTest" time="6.162" errors="0" timestamp="2024-12-31T17:19:35 IST" skipped="0">
  <testcase classname="actions.ActionsTest" name="testMouseHover" time="1.129"/>
  <testcase classname="actions.ActionsTest" name="testContextAndDoubleClick" time="5.033"/>
</testsuite> <!-- actions.ActionsTest -->
