<?xml version="1.0" encoding="UTF-8"?>
<!-- Generated by org.testng.reporters.JUnitReportReporter -->
<testsuite hostname="GFG19667-LAPTOP" failures="0" tests="5" name="io.learn.basic.BasicTests" time="7.836" errors="0" timestamp="2025-01-25T10:59:55 IST" skipped="0">
  <testcase classname="io.learn.basic.BasicTests" name="verifyStatusCode" time="0.920"/>
  <testcase classname="io.learn.basic.BasicTests" name="verifyCountryDetails" time="1.973"/>
  <testcase classname="io.learn.basic.BasicTests" name="verifyPlaceDetails" time="0.959"/>
  <testcase classname="io.learn.basic.BasicTests" name="varifyNegativeTest" time="3.468"/>
  <testcase classname="io.learn.basic.BasicTests" name="varifyResponseType" time="0.516"/>
</testsuite> <!-- io.learn.basic.BasicTests -->
