<?xml version="1.0" encoding="UTF-8"?>
<!-- Generated by org.testng.reporters.JUnitReportReporter -->
<testsuite hostname="GFG19667-LAPTOP" failures="0" tests="3" name="io.learn.windows.WindowHandlingTest" time="12.200" errors="0" timestamp="2025-01-10T10:35:22 IST" skipped="0">
  <testcase classname="io.learn.windows.WindowHandlingTest" name="testContentInNewTab" time="6.353"/>
  <testcase classname="io.learn.windows.WindowHandlingTest" name="testNewTab" time="3.437"/>
  <testcase classname="io.learn.windows.WindowHandlingTest" name="testNewWindow" time="2.410"/>
</testsuite> <!-- io.learn.windows.WindowHandlingTest -->
