<?xml version="1.0" encoding="UTF-8"?>
<!-- Generated by org.testng.reporters.JUnitReportReporter -->
<testsuite hostname="GFG19667-LAPTOP" failures="0" tests="1" name="webtables.WebTableTests" time="4.751" errors="0" timestamp="2025-01-06T12:44:54 IST" skipped="0">
  <testcase classname="webtables.WebTableTests" name="varifyTable" time="4.751"/>
</testsuite> <!-- webtables.WebTableTests -->
