<?xml version="1.0" encoding="UTF-8"?>
<!-- Generated by org.testng.reporters.JUnitReportReporter -->
<testsuite hostname="GFG19667-LAPTOP" failures="0" tests="3" name="cross_browser.CrossBrowserTests2" time="19.519" errors="0" timestamp="2025-01-16T16:42:55 IST" skipped="0">
  <testcase classname="cross_browser.CrossBrowserTests2" name="testTitle" time="7.255"/>
  <testcase classname="cross_browser.CrossBrowserTests2" name="testTitle" time="5.579"/>
  <testcase classname="cross_browser.CrossBrowserTests2" name="testTitle" time="6.685"/>
</testsuite> <!-- cross_browser.CrossBrowserTests2 -->
