<?xml version="1.0" encoding="UTF-8"?>
<!-- Generated by org.testng.reporters.JUnitReportReporter -->
<testsuite hostname="GFG19667-LAPTOP" failures="0" tests="1" name="browser_specific.GeoLocation.GeolocationChromeTest" time="2.015" errors="0" timestamp="2025-01-16T12:50:01 IST" skipped="0">
  <testcase classname="browser_specific.GeoLocation.GeolocationChromeTest" name="testGeoLocation" time="2.015"/>
</testsuite> <!-- browser_specific.GeoLocation.GeolocationChromeTest -->
