<?xml version="1.0" encoding="UTF-8"?>
<!-- Generated by org.testng.reporters.JUnitReportReporter -->
<testsuite hostname="GFG19667-LAPTOP" failures="0" tests="1" name="actions.ActionsTest" time="9.821" errors="0" timestamp="2025-01-11T12:29:10 IST" skipped="0">
  <testcase classname="actions.ActionsTest" name="testClickAndHoldWithDelay" time="9.821"/>
</testsuite> <!-- actions.ActionsTest -->
