<?xml version="1.0" encoding="UTF-8"?>
<!-- Generated by org.testng.reporters.JUnitReportReporter -->
<testsuite hostname="GFG19667-LAPTOP" failures="0" tests="6" name="exceptions.ExceptionsTestDemo" time="30.291" errors="0" timestamp="2025-01-14T15:00:04 IST" skipped="0">
  <testcase classname="exceptions.ExceptionsTestDemo" name="testElementNotInteractableException" time="12.366"/>
  <testcase classname="exceptions.ExceptionsTestDemo" name="testNoSuchElementException2" time="11.292"/>
  <testcase classname="exceptions.ExceptionsTestDemo" name="testNoAlertPresentException" time="1.710"/>
  <testcase classname="exceptions.ExceptionsTestDemo" name="testNoSuchSessionException" time="2.044"/>
  <testcase classname="exceptions.ExceptionsTestDemo" name="testNoSuchElementException" time="1.428"/>
  <testcase classname="exceptions.ExceptionsTestDemo" name="testInvalidSelectorException" time="1.451"/>
</testsuite> <!-- exceptions.ExceptionsTestDemo -->
