<?xml version="1.0" encoding="UTF-8"?>
<!-- Generated by org.testng.reporters.JUnitReportReporter -->
<testsuite hostname="GFG19667-LAPTOP" failures="0" tests="4" name="crud.CRUDOperationsTest" time="7.305" errors="0" timestamp="2025-01-24T16:06:33 IST" skipped="0">
  <testcase classname="crud.CRUDOperationsTest" name="testUpdate" time="0.954"/>
  <testcase classname="crud.CRUDOperationsTest" name="testRead" time="0.572"/>
  <testcase classname="crud.CRUDOperationsTest" name="testCreate" time="4.988"/>
  <testcase classname="crud.CRUDOperationsTest" name="testDelete" time="0.791"/>
</testsuite> <!-- crud.CRUDOperationsTest -->
