<?xml version="1.0" encoding="UTF-8"?>
<!-- Generated by org.testng.reporters.JUnitReportReporter -->
<testsuite hostname="GFG19667-LAPTOP" failures="0" tests="1" name="browser_specific.incognito.HeadlessIncognitoChromeTest" time="1.505" errors="0" timestamp="2025-01-16T12:05:41 IST" skipped="0">
  <testcase classname="browser_specific.incognito.HeadlessIncognitoChromeTest" name="testHeadlessIncognito" time="1.505"/>
</testsuite> <!-- browser_specific.incognito.HeadlessIncognitoChromeTest -->
